/usr/local/lib/python3.10/site-packages/celery/platforms.py:841: SecurityWarning: You're running the worker with superuser privileges: this is
absolutely not recommended!

Please specify a different user using the --uid option.

User information: uid=0 euid=0 gid=0 egid=0

  warnings.warn(SecurityWarning(ROOT_DISCOURAGED.format(
[2025-09-04 14:30:31,579: INFO/MainProcess] Connected to redis://redis:6379/0
[2025-09-04 14:30:31,581: INFO/MainProcess] mingle: searching for neighbors
[2025-09-04 14:30:32,589: INFO/MainProcess] mingle: all alone
[2025-09-04 14:30:32,615: INFO/MainProcess] celery@d40239c775b6 ready.
/usr/local/lib/python3.10/site-packages/celery/platforms.py:841: SecurityWarning: You're running the worker with superuser privileges: this is
absolutely not recommended!

Please specify a different user using the --uid option.

User information: uid=0 euid=0 gid=0 egid=0

  warnings.warn(SecurityWarning(ROOT_DISCOURAGED.format(
[2025-09-04 14:33:36,623: INFO/MainProcess] Connected to redis://redis:6379/0
[2025-09-04 14:33:36,624: INFO/MainProcess] mingle: searching for neighbors
[2025-09-04 14:33:37,632: INFO/MainProcess] mingle: all alone
[2025-09-04 14:33:37,665: INFO/MainProcess] celery@3fb83d5d4d8e ready.
/usr/local/lib/python3.10/site-packages/celery/platforms.py:841: SecurityWarning: You're running the worker with superuser privileges: this is
absolutely not recommended!

Please specify a different user using the --uid option.

User information: uid=0 euid=0 gid=0 egid=0

  warnings.warn(SecurityWarning(ROOT_DISCOURAGED.format(
[2025-09-04 14:39:21,237: INFO/MainProcess] Connected to redis://redis:6379/0
[2025-09-04 14:39:21,239: INFO/MainProcess] mingle: searching for neighbors
[2025-09-04 14:39:22,246: INFO/MainProcess] mingle: all alone
[2025-09-04 14:39:22,272: INFO/MainProcess] celery@eec816cf01b5 ready.
/usr/local/lib/python3.10/site-packages/celery/platforms.py:841: SecurityWarning: You're running the worker with superuser privileges: this is
absolutely not recommended!

Please specify a different user using the --uid option.

User information: uid=0 euid=0 gid=0 egid=0

  warnings.warn(SecurityWarning(ROOT_DISCOURAGED.format(
[2025-09-04 14:45:10,546: INFO/MainProcess] Connected to redis://redis:6379/0
[2025-09-04 14:45:10,549: INFO/MainProcess] mingle: searching for neighbors
[2025-09-04 14:45:11,557: INFO/MainProcess] mingle: all alone
[2025-09-04 14:45:11,582: INFO/MainProcess] celery@59b106940df9 ready.
/usr/local/lib/python3.10/site-packages/celery/platforms.py:841: SecurityWarning: You're running the worker with superuser privileges: this is
absolutely not recommended!

Please specify a different user using the --uid option.

User information: uid=0 euid=0 gid=0 egid=0

  warnings.warn(SecurityWarning(ROOT_DISCOURAGED.format(
[2025-09-04 14:48:51,591: INFO/MainProcess] Connected to redis://redis:6379/0
[2025-09-04 14:48:51,594: INFO/MainProcess] mingle: searching for neighbors
[2025-09-04 14:48:52,603: INFO/MainProcess] mingle: all alone
[2025-09-04 14:48:52,625: INFO/MainProcess] celery@6813861bc77a ready.
/usr/local/lib/python3.10/site-packages/celery/platforms.py:841: SecurityWarning: You're running the worker with superuser privileges: this is
absolutely not recommended!

Please specify a different user using the --uid option.

User information: uid=0 euid=0 gid=0 egid=0

  warnings.warn(SecurityWarning(ROOT_DISCOURAGED.format(
[2025-09-04 18:50:21,588: INFO/MainProcess] Connected to redis://redis:6379/0
[2025-09-04 18:50:21,591: INFO/MainProcess] mingle: searching for neighbors
[2025-09-04 18:50:22,597: INFO/MainProcess] mingle: all alone
[2025-09-04 18:50:22,606: INFO/MainProcess] celery@3dc778b5f236 ready.
/usr/local/lib/python3.10/site-packages/celery/platforms.py:841: SecurityWarning: You're running the worker with superuser privileges: this is
absolutely not recommended!

Please specify a different user using the --uid option.

User information: uid=0 euid=0 gid=0 egid=0

  warnings.warn(SecurityWarning(ROOT_DISCOURAGED.format(
[2025-09-04 18:52:34,017: INFO/MainProcess] Connected to redis://redis:6379/0
[2025-09-04 18:52:34,019: INFO/MainProcess] mingle: searching for neighbors
[2025-09-04 18:52:35,025: INFO/MainProcess] mingle: all alone
[2025-09-04 18:52:35,039: INFO/MainProcess] celery@641559ff2279 ready.
/usr/local/lib/python3.10/site-packages/celery/platforms.py:841: SecurityWarning: You're running the worker with superuser privileges: this is
absolutely not recommended!

Please specify a different user using the --uid option.

User information: uid=0 euid=0 gid=0 egid=0

  warnings.warn(SecurityWarning(ROOT_DISCOURAGED.format(
[2025-09-04 18:54:08,469: INFO/MainProcess] Connected to redis://redis:6379/0
[2025-09-04 18:54:08,470: INFO/MainProcess] mingle: searching for neighbors
[2025-09-04 18:54:09,476: INFO/MainProcess] mingle: all alone
[2025-09-04 18:54:09,485: INFO/MainProcess] celery@e9f99372ad84 ready.
/usr/local/lib/python3.10/site-packages/celery/platforms.py:841: SecurityWarning: You're running the worker with superuser privileges: this is
absolutely not recommended!

Please specify a different user using the --uid option.

User information: uid=0 euid=0 gid=0 egid=0

  warnings.warn(SecurityWarning(ROOT_DISCOURAGED.format(
[2025-09-04 18:56:18,824: INFO/MainProcess] Connected to redis://redis:6379/0
[2025-09-04 18:56:18,826: INFO/MainProcess] mingle: searching for neighbors
[2025-09-04 18:56:19,832: INFO/MainProcess] mingle: all alone
[2025-09-04 18:56:19,844: INFO/MainProcess] celery@9fd6be055eee ready.
/usr/local/lib/python3.10/site-packages/celery/platforms.py:841: SecurityWarning: You're running the worker with superuser privileges: this is
absolutely not recommended!

Please specify a different user using the --uid option.

User information: uid=0 euid=0 gid=0 egid=0

  warnings.warn(SecurityWarning(ROOT_DISCOURAGED.format(
[2025-09-04 18:59:41,790: INFO/MainProcess] Connected to redis://redis:6379/0
[2025-09-04 18:59:41,791: INFO/MainProcess] mingle: searching for neighbors
[2025-09-04 18:59:42,797: INFO/MainProcess] mingle: all alone
[2025-09-04 18:59:42,808: INFO/MainProcess] celery@d3de407193f1 ready.
/usr/local/lib/python3.10/site-packages/celery/platforms.py:841: SecurityWarning: You're running the worker with superuser privileges: this is
absolutely not recommended!

Please specify a different user using the --uid option.

User information: uid=0 euid=0 gid=0 egid=0

  warnings.warn(SecurityWarning(ROOT_DISCOURAGED.format(
[2025-09-04 19:38:11,952: INFO/MainProcess] Connected to redis://redis:6379/0
[2025-09-04 19:38:11,955: INFO/MainProcess] mingle: searching for neighbors
[2025-09-04 19:38:12,960: INFO/MainProcess] mingle: all alone
[2025-09-04 19:38:12,966: INFO/MainProcess] celery@1b5d0a3af33f ready.
/usr/local/lib/python3.10/site-packages/celery/platforms.py:841: SecurityWarning: You're running the worker with superuser privileges: this is
absolutely not recommended!

Please specify a different user using the --uid option.

User information: uid=0 euid=0 gid=0 egid=0

  warnings.warn(SecurityWarning(ROOT_DISCOURAGED.format(
[2025-09-04 19:42:56,031: INFO/MainProcess] Connected to redis://redis:6379/0
[2025-09-04 19:42:56,033: INFO/MainProcess] mingle: searching for neighbors
[2025-09-04 19:42:57,040: INFO/MainProcess] mingle: all alone
[2025-09-04 19:42:57,048: INFO/MainProcess] celery@c313dc1954ec ready.
/usr/local/lib/python3.10/site-packages/celery/platforms.py:841: SecurityWarning: You're running the worker with superuser privileges: this is
absolutely not recommended!

Please specify a different user using the --uid option.

User information: uid=0 euid=0 gid=0 egid=0

  warnings.warn(SecurityWarning(ROOT_DISCOURAGED.format(
[2025-09-04 19:47:55,479: INFO/MainProcess] Connected to redis://redis:6379/0
[2025-09-04 19:47:55,480: INFO/MainProcess] mingle: searching for neighbors
[2025-09-04 19:47:56,487: INFO/MainProcess] mingle: all alone
[2025-09-04 19:47:56,497: INFO/MainProcess] celery@d4df1404e192 ready.
/usr/local/lib/python3.10/site-packages/celery/platforms.py:841: SecurityWarning: You're running the worker with superuser privileges: this is
absolutely not recommended!

Please specify a different user using the --uid option.

User information: uid=0 euid=0 gid=0 egid=0

  warnings.warn(SecurityWarning(ROOT_DISCOURAGED.format(
[2025-09-04 19:59:02,363: INFO/MainProcess] Connected to redis://redis:6379/0
[2025-09-04 19:59:02,365: INFO/MainProcess] mingle: searching for neighbors
[2025-09-04 19:59:03,372: INFO/MainProcess] mingle: all alone
[2025-09-04 19:59:03,385: INFO/MainProcess] celery@db4b49a855ca ready.
/usr/local/lib/python3.10/site-packages/celery/platforms.py:841: SecurityWarning: You're running the worker with superuser privileges: this is
absolutely not recommended!

Please specify a different user using the --uid option.

User information: uid=0 euid=0 gid=0 egid=0

  warnings.warn(SecurityWarning(ROOT_DISCOURAGED.format(
[2025-09-04 20:02:39,346: INFO/MainProcess] Connected to redis://redis:6379/0
[2025-09-04 20:02:39,350: INFO/MainProcess] mingle: searching for neighbors
[2025-09-04 20:02:40,357: INFO/MainProcess] mingle: all alone
[2025-09-04 20:02:40,372: INFO/MainProcess] celery@03b7aa2a1f84 ready.
/usr/local/lib/python3.10/site-packages/celery/platforms.py:841: SecurityWarning: You're running the worker with superuser privileges: this is
absolutely not recommended!

Please specify a different user using the --uid option.

User information: uid=0 euid=0 gid=0 egid=0

  warnings.warn(SecurityWarning(ROOT_DISCOURAGED.format(
[2025-09-04 20:14:39,902: INFO/MainProcess] Connected to redis://redis:6379/0
[2025-09-04 20:14:39,906: INFO/MainProcess] mingle: searching for neighbors
[2025-09-04 20:14:40,913: INFO/MainProcess] mingle: all alone
[2025-09-04 20:14:40,922: INFO/MainProcess] celery@ba1d57f79c87 ready.
/usr/local/lib/python3.10/site-packages/django/db/models/base.py:364: RuntimeWarning: Model 'apps_employee.sthstageexperiencelevel' was already registered. Reloading models is not advised as it can lead to inconsistencies, most notably with related models.
  new_class._meta.apps.register_model(new_class._meta.app_label, new_class)
/usr/local/lib/python3.10/site-packages/celery/platforms.py:841: SecurityWarning: You're running the worker with superuser privileges: this is
absolutely not recommended!

Please specify a different user using the --uid option.

User information: uid=0 euid=0 gid=0 egid=0

  warnings.warn(SecurityWarning(ROOT_DISCOURAGED.format(
[2025-09-04 21:09:11,295: INFO/MainProcess] Connected to redis://redis:6379/0
[2025-09-04 21:09:11,297: INFO/MainProcess] mingle: searching for neighbors
[2025-09-04 21:09:12,304: INFO/MainProcess] mingle: all alone
[2025-09-04 21:09:12,315: INFO/MainProcess] celery@618cc5a6d9ad ready.
/usr/local/lib/python3.10/site-packages/django/db/models/base.py:364: RuntimeWarning: Model 'apps_employee.sthstageexperiencelevel' was already registered. Reloading models is not advised as it can lead to inconsistencies, most notably with related models.
  new_class._meta.apps.register_model(new_class._meta.app_label, new_class)
/usr/local/lib/python3.10/site-packages/celery/platforms.py:841: SecurityWarning: You're running the worker with superuser privileges: this is
absolutely not recommended!

Please specify a different user using the --uid option.

User information: uid=0 euid=0 gid=0 egid=0

  warnings.warn(SecurityWarning(ROOT_DISCOURAGED.format(
[2025-09-04 21:10:39,208: INFO/MainProcess] Connected to redis://redis:6379/0
[2025-09-04 21:10:39,211: INFO/MainProcess] mingle: searching for neighbors
[2025-09-04 21:10:40,218: INFO/MainProcess] mingle: all alone
[2025-09-04 21:10:40,234: INFO/MainProcess] celery@dea4990373bf ready.
/usr/local/lib/python3.10/site-packages/django/db/models/base.py:364: RuntimeWarning: Model 'apps_employee.sthstageexperiencelevel' was already registered. Reloading models is not advised as it can lead to inconsistencies, most notably with related models.
  new_class._meta.apps.register_model(new_class._meta.app_label, new_class)
/usr/local/lib/python3.10/site-packages/celery/platforms.py:841: SecurityWarning: You're running the worker with superuser privileges: this is
absolutely not recommended!

Please specify a different user using the --uid option.

User information: uid=0 euid=0 gid=0 egid=0

  warnings.warn(SecurityWarning(ROOT_DISCOURAGED.format(
[2025-09-04 21:13:34,998: INFO/MainProcess] Connected to redis://redis:6379/0
[2025-09-04 21:13:35,000: INFO/MainProcess] mingle: searching for neighbors
[2025-09-04 21:13:36,007: INFO/MainProcess] mingle: all alone
[2025-09-04 21:13:36,018: INFO/MainProcess] celery@16fb6ccfe9db ready.
/usr/local/lib/python3.10/site-packages/celery/platforms.py:841: SecurityWarning: You're running the worker with superuser privileges: this is
absolutely not recommended!

Please specify a different user using the --uid option.

User information: uid=0 euid=0 gid=0 egid=0

  warnings.warn(SecurityWarning(ROOT_DISCOURAGED.format(
[2025-09-04 21:18:11,454: INFO/MainProcess] Connected to redis://redis:6379/0
[2025-09-04 21:18:11,456: INFO/MainProcess] mingle: searching for neighbors
[2025-09-04 21:18:12,463: INFO/MainProcess] mingle: all alone
[2025-09-04 21:18:12,475: INFO/MainProcess] celery@678e2e4b7364 ready.
/usr/local/lib/python3.10/site-packages/celery/platforms.py:841: SecurityWarning: You're running the worker with superuser privileges: this is
absolutely not recommended!

Please specify a different user using the --uid option.

User information: uid=0 euid=0 gid=0 egid=0

  warnings.warn(SecurityWarning(ROOT_DISCOURAGED.format(
[2025-09-05 08:57:55,746: INFO/MainProcess] Connected to redis://redis:6379/0
[2025-09-05 08:57:55,747: INFO/MainProcess] mingle: searching for neighbors
[2025-09-05 08:57:56,755: INFO/MainProcess] mingle: all alone
[2025-09-05 08:57:56,775: INFO/MainProcess] celery@2044820212e3 ready.
/usr/local/lib/python3.10/site-packages/celery/platforms.py:841: SecurityWarning: You're running the worker with superuser privileges: this is
absolutely not recommended!

Please specify a different user using the --uid option.

User information: uid=0 euid=0 gid=0 egid=0

  warnings.warn(SecurityWarning(ROOT_DISCOURAGED.format(
[2025-09-05 09:09:59,527: INFO/MainProcess] Connected to redis://redis:6379/0
[2025-09-05 09:09:59,528: INFO/MainProcess] mingle: searching for neighbors
[2025-09-05 09:10:00,533: INFO/MainProcess] mingle: all alone
[2025-09-05 09:10:00,540: INFO/MainProcess] celery@ff1470adc695 ready.
/usr/local/lib/python3.10/site-packages/celery/platforms.py:841: SecurityWarning: You're running the worker with superuser privileges: this is
absolutely not recommended!

Please specify a different user using the --uid option.

User information: uid=0 euid=0 gid=0 egid=0

  warnings.warn(SecurityWarning(ROOT_DISCOURAGED.format(
[2025-09-05 09:13:28,682: INFO/MainProcess] Connected to redis://redis:6379/0
[2025-09-05 09:13:28,684: INFO/MainProcess] mingle: searching for neighbors
[2025-09-05 09:13:29,693: INFO/MainProcess] mingle: all alone
[2025-09-05 09:13:29,702: INFO/MainProcess] celery@93f7b3389c6d ready.
